<?xml version='1.0'?>
<ns2:test-suite xmlns:ns2='urn:model.allure.qatools.yandex.ru' start='1627482778441' stop='1627482790838'>
    <name>Functional Testing on Application </name>
    <title>Functional Testing on Application </title>
    <test-cases>
        <test-case start='1627482778478' status='pending' stop='1627482778480'>
            <name>Scrolling and Mouse Hover</name>
            <title>Scrolling and Mouse Hover</title>
            <labels/>
            <parameters/>
            <steps/>
            <attachments/>
            <failure>
                <message>Test ignored</message>
                <stack-trace>undefined</stack-trace>
            </failure>
        </test-case>
        <test-case start='1627482778481' status='pending' stop='1627482778481'>
            <name>Double click on Button</name>
            <title>Double click on Button</title>
            <labels/>
            <parameters/>
            <steps/>
            <attachments/>
            <failure>
                <message>Test ignored</message>
                <stack-trace>undefined</stack-trace>
            </failure>
        </test-case>
        <test-case start='1627482778481' status='pending' stop='1627482778481'>
            <name>Web Table Sort validation Smoke</name>
            <title>Web Table Sort validation Smoke</title>
            <labels/>
            <parameters/>
            <steps/>
            <attachments/>
            <failure>
                <message>Test ignored</message>
                <stack-trace>undefined</stack-trace>
            </failure>
        </test-case>
        <test-case start='1627482778481' status='failed' stop='1627482790836'>
            <name>Web Table Filter validation</name>
            <title>Web Table Filter validation</title>
            <labels>
                <label name='language' value='javascript'/>
                <label name='framework' value='wdio'/>
                <label name='thread' value='0-0'/>
            </labels>
            <parameters>
                <parameter kind='argument' name='browser' value='chrome-92.0.4515.107'/>
            </parameters>
            <steps/>
            <attachments>
                <attachment title='Screenshot' source='bc3e7609-f819-47eb-a02a-ff7b520cf442-attachment.png' type='image/png' size='20843'/>
            </attachments>
            <failure>
                <message>Expect $(`//tr/td[1]`) to have text containing
                
                Expected: "Tomto"
                Received: "Tomato"</message>
                <stack-trace>Error: Expect $(`//tr/td[1]`) to have text containing
                
                Expected: "Tomto"
                Received: "Tomato"
                    at Context.&lt;anonymous> (E:\2021.07.Formation_Udemy_webdriverio\test\specs\functionalScenarios.js:70:36)
                    at Context.executeSync (E:\2021.07.Formation_Udemy_webdriverio\node_modules\@wdio\sync\build\index.js:38:22)
                    at E:\2021.07.Formation_Udemy_webdriverio\node_modules\@wdio\sync\build\index.js:69:68</stack-trace>
            </failure>
        </test-case>
    </test-cases>
</ns2:test-suite>